0 info it worked if it ends with ok
1 verbose cli [ 'C:\\Program Files\\nodejs\\node.exe',
1 verbose cli   'C:\\Program Files\\nodejs\\node_modules\\npm\\bin\\npm-cli.js',
1 verbose cli   'run',
1 verbose cli   'serve' ]
2 info using npm@3.10.10
3 info using node@v6.10.1
4 verbose run-script [ 'preserve', 'serve', 'postserve' ]
5 info lifecycle jerrythimothy@1.0.0~preserve: jerrythimothy@1.0.0
6 silly lifecycle jerrythimothy@1.0.0~preserve: no script for preserve, continuing
7 info lifecycle jerrythimothy@1.0.0~serve: jerrythimothy@1.0.0
8 verbose lifecycle jerrythimothy@1.0.0~serve: unsafe-perm in lifecycle true
9 verbose lifecycle jerrythimothy@1.0.0~serve: PATH: C:\Program Files\nodejs\node_modules\npm\bin\node-gyp-bin;D:\JERRY\CODES\react\1\jerrythimothy\node_modules\.bin;C:\ProgramData\Oracle\Java\javapath;C:\Program Files (x86)\Intel\iCLS Client\;C:\Program Files\Intel\iCLS Client\;C:\Windows\system32;C:\Windows;C:\Windows\System32\Wbem;C:\Windows\System32\WindowsPowerShell\v1.0\;C:\Program Files\Intel\WiFi\bin\;C:\Program Files\Common Files\Intel\WirelessCommon\;C:\Program Files\Intel\Intel(R) Management Engine Components\DAL;C:\Program Files\Intel\Intel(R) Management Engine Components\IPT;C:\Program Files (x86)\Intel\Intel(R) Management Engine Components\DAL;C:\Program Files (x86)\Intel\Intel(R) Management Engine Components\IPT;C:\Program Files (x86)\Brackets\command;C:\Program Files (x86)\Skype\Phone\;C:\Users\jtimothy\AppData\Roaming\nvm;C:\Program Files\nodejs;C:\Program Files\Git\cmd;C:\Program Files\nodejs\;D:\JERRY\CODES\Android\sdk\tools;D:\JERRY\CODES\Android\sdk\platform-tools;C:\Ruby23-x64\bin;C:\Program Files (x86)\Microsoft VS Code\bin;C:\Users\jtimothy\AppData\Roaming\npm;C:\Users\jtimothy\AppData\Local\atom\bin
10 verbose lifecycle jerrythimothy@1.0.0~serve: CWD: D:\JERRY\CODES\react\1\jerrythimothy
11 silly lifecycle jerrythimothy@1.0.0~serve: Args: [ '/d /s /c',
11 silly lifecycle   'webpack-dev-server --hot --inline --content-base ./src --open' ]
12 silly lifecycle jerrythimothy@1.0.0~serve: Returned: code: 3221225786  signal: null
13 info lifecycle jerrythimothy@1.0.0~serve: Failed to exec serve script
14 verbose stack Error: jerrythimothy@1.0.0 serve: `webpack-dev-server --hot --inline --content-base ./src --open`
14 verbose stack Exit status 3221225786
14 verbose stack     at EventEmitter.<anonymous> (C:\Program Files\nodejs\node_modules\npm\lib\utils\lifecycle.js:255:16)
14 verbose stack     at emitTwo (events.js:106:13)
14 verbose stack     at EventEmitter.emit (events.js:191:7)
14 verbose stack     at ChildProcess.<anonymous> (C:\Program Files\nodejs\node_modules\npm\lib\utils\spawn.js:40:14)
14 verbose stack     at emitTwo (events.js:106:13)
14 verbose stack     at ChildProcess.emit (events.js:191:7)
14 verbose stack     at maybeClose (internal/child_process.js:886:16)
14 verbose stack     at Process.ChildProcess._handle.onexit (internal/child_process.js:226:5)
15 verbose pkgid jerrythimothy@1.0.0
16 verbose cwd D:\JERRY\CODES\react\1\jerrythimothy
17 error Windows_NT 6.3.9600
18 error argv "C:\\Program Files\\nodejs\\node.exe" "C:\\Program Files\\nodejs\\node_modules\\npm\\bin\\npm-cli.js" "run" "serve"
19 error node v6.10.1
20 error npm  v3.10.10
21 error code ELIFECYCLE
22 error jerrythimothy@1.0.0 serve: `webpack-dev-server --hot --inline --content-base ./src --open`
22 error Exit status 3221225786
23 error Failed at the jerrythimothy@1.0.0 serve script 'webpack-dev-server --hot --inline --content-base ./src --open'.
23 error Make sure you have the latest version of node.js and npm installed.
23 error If you do, this is most likely a problem with the jerrythimothy package,
23 error not with npm itself.
23 error Tell the author that this fails on your system:
23 error     webpack-dev-server --hot --inline --content-base ./src --open
23 error You can get information on how to open an issue for this project with:
23 error     npm bugs jerrythimothy
23 error Or if that isn't available, you can get their info via:
23 error     npm owner ls jerrythimothy
23 error There is likely additional logging output above.
24 verbose exit [ 1, true ]
